0
0
0
0
0
0
0
0
0
0
0
0
0
0
0
0
0
0
0
0
0
0
0
0
0
0
0
0
0
0
0
0
0
0
0
0
0
0
0
0
0
0
0
0
0
0
0
0
0
0
0
0
0
0
0
0
0
0
0
0
0
0
0
0
0
0
0
0
0
0
0
0
0
0
0
0
0
0
0
0
0
0
0
0
0
0
0
0
0
0
0
0
0
0
0
0
0
0
0
0
0
0
0
0
0
0
0
0
0
0
0
0
0
0
0
0
0
0
0
0
0
0
0
0
0
0
0
0
0
0
0
0
0
0
0
0
0
0
0
0
0
0
0
0
0
0
0
0
0
0
0
0
0
0
0
0
0
0
0
0
0
0
0
0
0
0
0
0
0
0
0
0
0
0
0
0
0
0
0
0
0
0
0
0
0
0
0
0
0
0
0
0
0
0
0
0
0
0
0
0
0
0
0
0
0
0
0
0
0
0
0
0
0
0
0
0
0
0
0
0
0
0
0
0
0
0
0
0
0
0
0
0
0
0
0
0
0
0
0
0
0
0
0
0
0
0
0
0
0
0
0
0
0
0
0
0
0
0
0
0
0
0
0
0
0
0
0
0
0
0
0
0
0
0
0
0
0
0
0
0
0
0
0
0
0
0
0
0
0
0
0
0
0
0
0
0
0
0
0
0
0
0
0
0
0
0
0
0
0
0
197
388
396
400
400
396
396
396
396
392
196
0
0
0
0
0
0
0
0
0
0
0
0
0
0
0
0
0
0
0
388
788
796
804
804
804
804
800
796
792
396
0
0
0
0
0
0
0
0
0
0
0
0
0
0
0
0
0
0
0
396
796
804
808
800
804
804
804
800
796
396
0
0
0
0
0
0
0
0
0
0
0
0
0
0
0
0
0
0
0
400
804
808
796
800
804
808
808
800
804
400
0
0
0
0
0
0
0
0
0
0
0
0
0
0
0
0
0
0
0
400
804
800
800
804
808
808
808
808
804
400
0
0
0
0
0
0
0
0
0
0
0
0
0
0
0
0
0
0
0
396
804
804
804
808
812
808
808
804
804
404
0
0
0
0
0
0
0
0
0
0
0
0
0
0
0
0
0
0
0
396
804
804
808
808
808
804
808
808
808
404
0
0
0
0
0
0
0
0
0
0
0
0
0
0
0
0
0
0
0
396
800
804
808
808
808
808
808
812
808
408
0
0
0
0
0
0
0
0
0
0
0
0
0
0
0
0
0
0
0
396
796
800
800
808
804
808
812
816
820
412
0
0
0
0
0
0
0
0
0
0
0
0
0
0
0
0
0
0
0
392
792
796
804
804
804
808
808
820
832
416
0
0
0
0
0
0
0
0
0
0
0
0
0
0
0
0
0
0
0
196
396
396
400
400
404
404
408
412
416
208
0
0
0
0
0
0
0
0
0
0
0
0
0
0
0
0
0
0
0
0
0
0
0
0
0
0
0
0
0
0
0
0
0
0
0
0
0
0
0
0
0
0
0
0
0
0
0
0
0
0
0
0
0
0
0
0
0
0
0
0
0
0
0
0
0
0
0
0
0
0
0
0
0
0
0
0
0
0
0
0
0
0
0
0
0
0
0
0
0
0
0
0
0
0
0
0
0
0
0
0
0
0
0
0
0
0
0
0
0
0
0
0
0
0
0
0
0
0
0
0
0
0
0
0
0
0
0
0
0
0
0
0
0
0
0
0
0
0
0
0
0
0
0
0
0
0
0
0
0
0
0
0
0
0
0
0
0
0
0
0
0
0
0
0
0
0
0
0
0
0
0
0
0
0
0
0
0
0
0
0
0
0
0
0
0
0
0
0
0
0
0
0
0
0
0
0
0
0
0
0
0
0
0
0
0
0
0
0
0
0
0
0
0
0
0
0
0
0
0
0
0
0
0
0
0
0
0
0
0
0
0
0
0
0
0
0
0
0
0
0
0
0
0
0
0
0
0
0
0
0
0
0
0
0
0
0
0
0
0
0
0
0
0
0
0
0
0
0
0
0
0
0
0
0
0
0
0
0
0
