0
0
0
0
0
0
0
0
0
0
0
0
0
0
0
0
0
0
0
0
0
0
0
0
0
0
0
0
0
0
0
0
0
0
0
0
0
0
0
0
0
0
0
0
0
0
0
0
0
0
0
0
0
0
0
0
0
0
0
0
0
0
0
0
0
0
0
0
0
0
0
0
0
0
0
0
0
0
0
0
0
0
0
0
0
0
0
0
0
0
0
0
0
0
0
0
0
0
0
0
0
0
0
0
0
0
0
0
0
0
0
0
0
0
0
0
0
0
0
0
0
0
0
0
0
0
0
0
0
0
0
0
0
0
0
0
0
0
0
0
0
0
0
0
0
0
0
0
0
0
0
0
0
0
0
0
0
0
0
0
0
0
0
0
0
0
0
0
0
0
0
0
0
0
0
0
0
0
0
0
0
0
0
0
0
0
0
0
0
0
0
0
0
0
0
0
0
0
0
0
0
0
0
0
0
0
0
0
0
0
0
0
0
0
0
0
0
0
0
0
0
0
0
0
0
0
0
0
0
0
0
0
0
0
0
0
0
0
0
0
0
0
0
0
0
0
0
0
0
0
0
0
0
0
0
0
0
0
0
0
0
0
0
0
0
0
0
0
0
0
0
0
0
0
0
0
0
0
0
0
0
0
0
0
0
0
0
0
0
0
0
0
0
0
0
0
0
0
0
0
0
0
0
0
0
0
0
0
0
0
797
1592
1592
1600
1600
1596
1604
1600
1600
1608
800
0
0
0
0
0
0
0
0
0
0
0
0
0
0
0
0
0
0
0
1592
3196
3196
3212
3216
3212
3212
3220
3216
3208
1608
0
0
0
0
0
0
0
0
0
0
0
0
0
0
0
0
0
0
0
1592
3196
3204
3216
3208
3216
3216
3220
3220
3220
1608
0
0
0
0
0
0
0
0
0
0
0
0
0
0
0
0
0
0
0
1600
3212
3216
3212
3208
3220
3224
3220
3220
3216
1604
0
0
0
0
0
0
0
0
0
0
0
0
0
0
0
0
0
0
0
1600
3216
3208
3208
3220
3224
3224
3224
3220
3212
1608
0
0
0
0
0
0
0
0
0
0
0
0
0
0
0
0
0
0
0
1596
3212
3216
3220
3224
3228
3216
3228
3220
3220
1612
0
0
0
0
0
0
0
0
0
0
0
0
0
0
0
0
0
0
0
1604
3212
3216
3224
3224
3216
3220
3224
3224
3220
1612
0
0
0
0
0
0
0
0
0
0
0
0
0
0
0
0
0
0
0
1600
3220
3220
3220
3224
3228
3224
3216
3220
3224
1612
0
0
0
0
0
0
0
0
0
0
0
0
0
0
0
0
0
0
0
1600
3216
3220
3220
3220
3220
3224
3220
3224
3232
1616
0
0
0
0
0
0
0
0
0
0
0
0
0
0
0
0
0
0
0
1608
3208
3220
3216
3212
3220
3220
3224
3232
3240
1624
0
0
0
0
0
0
0
0
0
0
0
0
0
0
0
0
0
0
0
800
1608
1608
1604
1608
1612
1612
1612
1616
1624
812
0
0
0
0
0
0
0
0
0
0
0
0
0
0
0
0
0
0
0
0
0
0
0
0
0
0
0
0
0
0
0
0
0
0
0
0
0
0
0
0
0
0
0
0
0
0
0
0
0
0
0
0
0
0
0
0
0
0
0
0
0
0
0
0
0
0
0
0
0
0
0
0
0
0
0
0
0
0
0
0
0
0
0
0
0
0
0
0
0
0
0
0
0
0
0
0
0
0
0
0
0
0
0
0
0
0
0
0
0
0
0
0
0
0
0
0
0
0
0
0
0
0
0
0
0
0
0
0
0
0
0
0
0
0
0
0
0
0
0
0
0
0
0
0
0
0
0
0
0
0
0
0
0
0
0
0
0
0
0
0
0
0
0
0
0
0
0
0
0
0
0
0
0
0
0
0
0
0
0
0
0
0
0
0
0
0
0
0
0
0
0
0
0
0
0
0
0
0
0
0
0
0
0
0
0
0
0
0
0
0
0
0
0
0
0
0
0
0
0
0
0
0
0
0
0
0
0
0
0
0
0
0
0
0
0
0
0
0
0
0
0
0
0
0
0
0
0
0
0
0
0
0
0
0
0
0
0
0
0
0
0
0
0
0
0
0
0
0
0
0
0
0
0
0
0
0
0
0
0
