0
0
0
0
0
0
0
0
0
0
0
0
0
0
0
0
0
0
0
0
0
0
0
0
0
0
0
0
0
0
0
0
0
0
0
0
0
0
0
0
0
0
0
0
0
0
0
0
0
0
0
0
0
0
0
0
0
0
0
0
0
0
0
0
0
0
0
0
0
0
0
0
0
0
0
0
0
0
0
0
0
0
0
0
0
0
0
0
0
0
0
0
0
0
0
0
0
0
0
0
0
0
0
0
0
0
0
0
0
0
0
0
0
0
0
0
0
0
0
0
0
0
0
0
0
0
0
0
0
0
0
0
0
0
0
0
0
0
0
0
0
0
0
0
0
0
0
0
0
0
0
0
0
0
0
0
0
0
0
0
0
0
0
0
0
0
0
0
0
0
0
0
0
0
0
0
0
0
0
0
0
0
0
0
0
0
0
0
0
0
0
0
0
0
0
0
0
0
0
0
0
0
0
0
0
0
0
0
0
0
0
0
0
0
0
0
0
0
0
0
0
0
0
0
0
0
0
0
0
0
0
0
0
0
0
0
0
0
0
0
0
0
0
0
0
0
0
0
0
0
0
0
0
0
0
0
0
0
0
0
0
0
0
0
0
0
0
0
0
0
0
0
0
0
0
0
0
0
0
0
0
0
0
0
0
0
0
0
0
0
0
0
0
0
0
0
0
0
0
0
0
0
0
0
0
0
0
0
0
0
3209
6424
6432
6424
6416
6404
6416
6424
6424
6420
3208
0
0
0
0
0
0
0
0
0
0
0
0
0
0
0
0
0
0
0
6424
12860
12864
12856
12844
12844
12848
12856
12864
12852
6424
0
0
0
0
0
0
0
0
0
0
0
0
0
0
0
0
0
0
0
6432
12864
12852
12856
12864
12860
12872
12864
12860
12852
6432
0
0
0
0
0
0
0
0
0
0
0
0
0
0
0
0
0
0
0
6424
12856
12856
12868
12864
12872
12880
12864
12872
12860
6432
0
0
0
0
0
0
0
0
0
0
0
0
0
0
0
0
0
0
0
6416
12844
12864
12864
12868
12868
12876
12872
12868
12888
6436
0
0
0
0
0
0
0
0
0
0
0
0
0
0
0
0
0
0
0
6404
12844
12860
12872
12868
12892
12880
12880
12876
12888
6440
0
0
0
0
0
0
0
0
0
0
0
0
0
0
0
0
0
0
0
6416
12848
12872
12880
12876
12880
12868
12880
12880
12884
6448
0
0
0
0
0
0
0
0
0
0
0
0
0
0
0
0
0
0
0
6424
12856
12864
12864
12872
12880
12880
12884
12892
12884
6448
0
0
0
0
0
0
0
0
0
0
0
0
0
0
0
0
0
0
0
6424
12864
12860
12872
12868
12876
12880
12892
12888
12888
6440
0
0
0
0
0
0
0
0
0
0
0
0
0
0
0
0
0
0
0
6420
12852
12852
12860
12888
12888
12884
12884
12888
12880
6452
0
0
0
0
0
0
0
0
0
0
0
0
0
0
0
0
0
0
0
3208
6424
6432
6432
6436
6440
6448
6448
6440
6452
3228
0
0
0
0
0
0
0
0
0
0
0
0
0
0
0
0
0
0
0
0
0
0
0
0
0
0
0
0
0
0
0
0
0
0
0
0
0
0
0
0
0
0
0
0
0
0
0
0
0
0
0
0
0
0
0
0
0
0
0
0
0
0
0
0
0
0
0
0
0
0
0
0
0
0
0
0
0
0
0
0
0
0
0
0
0
0
0
0
0
0
0
0
0
0
0
0
0
0
0
0
0
0
0
0
0
0
0
0
0
0
0
0
0
0
0
0
0
0
0
0
0
0
0
0
0
0
0
0
0
0
0
0
0
0
0
0
0
0
0
0
0
0
0
0
0
0
0
0
0
0
0
0
0
0
0
0
0
0
0
0
0
0
0
0
0
0
0
0
0
0
0
0
0
0
0
0
0
0
0
0
0
0
0
0
0
0
0
0
0
0
0
0
0
0
0
0
0
0
0
0
0
0
0
0
0
0
0
0
0
0
0
0
0
0
0
0
0
0
0
0
0
0
0
0
0
0
0
0
0
0
0
0
0
0
0
0
0
0
0
0
0
0
0
0
0
0
0
0
0
0
0
0
0
0
0
0
0
0
0
0
0
0
0
0
0
0
0
0
0
0
0
0
0
0
0
0
0
0
0
