0
0
0
0
0
0
0
0
0
0
0
0
0
0
0
0
0
0
0
0
0
0
0
0
0
0
0
0
0
0
0
0
0
0
0
0
0
0
0
0
0
0
0
0
0
0
0
0
0
0
0
0
0
0
0
0
0
0
0
0
0
0
0
0
0
0
0
0
0
0
0
0
0
0
0
0
0
0
0
0
0
0
0
0
0
0
0
0
0
0
0
0
0
0
0
0
0
0
0
0
0
0
0
0
0
0
0
0
0
0
0
0
0
0
0
0
0
0
0
0
0
0
0
0
0
0
0
0
0
0
0
0
0
0
0
0
0
0
0
0
0
0
0
0
0
0
0
0
0
0
0
0
0
0
0
0
0
0
0
0
0
0
0
0
0
0
0
0
0
0
0
0
0
0
0
0
0
0
0
0
0
0
0
0
0
0
0
0
0
0
0
0
0
0
0
0
0
0
0
0
0
0
0
0
0
0
0
0
0
0
0
0
0
0
0
0
0
0
0
0
0
0
0
0
0
0
0
0
0
0
0
0
0
0
0
0
0
0
0
0
0
0
0
0
0
0
0
0
0
0
0
0
0
0
0
0
0
0
0
0
0
0
0
0
0
0
0
0
0
0
0
0
0
0
0
0
0
0
0
0
0
0
0
0
0
0
0
0
0
0
0
0
0
0
0
0
0
0
0
0
0
0
0
0
0
0
0
0
0
0
12853
25716
25720
25724
25728
25720
25728
25724
25716
25700
12844
0
0
0
0
0
0
0
0
0
0
0
0
0
0
0
0
0
0
0
25716
51444
51452
51468
51476
51448
51460
51468
51456
51436
25724
0
0
0
0
0
0
0
0
0
0
0
0
0
0
0
0
0
0
0
25720
51452
51444
51456
51468
51468
51456
51468
51464
51460
25732
0
0
0
0
0
0
0
0
0
0
0
0
0
0
0
0
0
0
0
25724
51468
51456
51468
51468
51476
51476
51480
51476
51460
25728
0
0
0
0
0
0
0
0
0
0
0
0
0
0
0
0
0
0
0
25728
51476
51468
51468
51460
51460
51484
51468
51484
51492
25736
0
0
0
0
0
0
0
0
0
0
0
0
0
0
0
0
0
0
0
25720
51448
51468
51476
51460
51468
51480
51488
51484
51504
25760
0
0
0
0
0
0
0
0
0
0
0
0
0
0
0
0
0
0
0
25728
51460
51456
51476
51484
51480
51480
51500
51496
51480
25752
0
0
0
0
0
0
0
0
0
0
0
0
0
0
0
0
0
0
0
25724
51468
51468
51480
51468
51488
51500
51488
51488
51488
25744
0
0
0
0
0
0
0
0
0
0
0
0
0
0
0
0
0
0
0
25716
51456
51464
51476
51484
51484
51496
51488
51488
51496
25748
0
0
0
0
0
0
0
0
0
0
0
0
0
0
0
0
0
0
0
25700
51436
51460
51460
51492
51504
51480
51488
51496
51512
25776
0
0
0
0
0
0
0
0
0
0
0
0
0
0
0
0
0
0
0
12844
25724
25732
25728
25736
25760
25752
25744
25748
25776
12892
0
0
0
0
0
0
0
0
0
0
0
0
0
0
0
0
0
0
0
0
0
0
0
0
0
0
0
0
0
0
0
0
0
0
0
0
0
0
0
0
0
0
0
0
0
0
0
0
0
0
0
0
0
0
0
0
0
0
0
0
0
0
0
0
0
0
0
0
0
0
0
0
0
0
0
0
0
0
0
0
0
0
0
0
0
0
0
0
0
0
0
0
0
0
0
0
0
0
0
0
0
0
0
0
0
0
0
0
0
0
0
0
0
0
0
0
0
0
0
0
0
0
0
0
0
0
0
0
0
0
0
0
0
0
0
0
0
0
0
0
0
0
0
0
0
0
0
0
0
0
0
0
0
0
0
0
0
0
0
0
0
0
0
0
0
0
0
0
0
0
0
0
0
0
0
0
0
0
0
0
0
0
0
0
0
0
0
0
0
0
0
0
0
0
0
0
0
0
0
0
0
0
0
0
0
0
0
0
0
0
0
0
0
0
0
0
0
0
0
0
0
0
0
0
0
0
0
0
0
0
0
0
0
0
0
0
0
0
0
0
0
0
0
0
0
0
0
0
0
0
0
0
0
0
0
0
0
0
0
0
0
0
0
0
0
0
0
0
0
0
0
0
0
0
0
0
0
0
0
