0
0
0
0
0
0
0
0
0
0
0
0
0
0
0
0
0
0
0
0
0
0
0
0
0
0
0
0
0
0
0
0
0
0
0
0
0
0
0
0
0
0
0
0
0
0
0
0
0
0
0
0
0
0
0
0
0
0
0
0
0
0
0
0
0
0
0
0
0
0
0
0
0
0
0
0
0
0
0
0
0
0
0
0
0
0
0
0
0
0
0
0
0
0
0
0
0
0
0
0
0
0
0
0
0
0
0
0
0
0
0
0
0
0
0
0
0
0
0
0
0
0
0
0
0
0
0
0
0
0
0
0
0
0
0
0
0
0
0
0
0
0
0
0
0
0
0
0
0
0
0
0
0
0
0
0
0
0
0
0
0
0
0
0
0
0
0
0
0
0
0
0
0
0
0
0
0
0
0
0
0
0
0
0
0
0
0
0
0
0
0
0
0
0
0
0
0
0
0
0
0
0
0
0
0
0
0
0
0
0
0
0
0
0
0
0
0
0
0
0
0
0
0
0
0
0
0
0
0
0
0
0
0
0
0
0
0
0
0
0
0
0
0
0
0
0
0
0
0
0
0
0
0
0
0
0
0
0
0
0
0
0
0
0
0
0
0
0
0
0
0
0
0
0
0
0
0
0
0
0
0
0
0
0
0
0
0
0
0
0
0
0
0
0
0
0
0
0
0
0
0
0
0
0
0
0
0
0
0
0
51433
102904
102916
102900
102916
102888
102920
102928
102944
102928
51480
0
0
0
0
0
0
0
0
0
0
0
0
0
0
0
0
0
0
0
102904
205812
205836
205844
205880
205860
205852
205876
205896
205908
102960
0
0
0
0
0
0
0
0
0
0
0
0
0
0
0
0
0
0
0
102916
205836
205828
205872
205864
205880
205884
205892
205908
205896
102952
0
0
0
0
0
0
0
0
0
0
0
0
0
0
0
0
0
0
0
102900
205844
205872
205892
205868
205876
205912
205892
205900
205896
102960
0
0
0
0
0
0
0
0
0
0
0
0
0
0
0
0
0
0
0
102916
205880
205864
205868
205860
205888
205888
205892
205904
205932
102952
0
0
0
0
0
0
0
0
0
0
0
0
0
0
0
0
0
0
0
102888
205860
205880
205876
205888
205892
205896
205920
205920
205940
102972
0
0
0
0
0
0
0
0
0
0
0
0
0
0
0
0
0
0
0
102920
205852
205884
205912
205888
205896
205916
205916
205912
205936
102964
0
0
0
0
0
0
0
0
0
0
0
0
0
0
0
0
0
0
0
102928
205876
205892
205892
205892
205920
205916
205916
205904
205920
102940
0
0
0
0
0
0
0
0
0
0
0
0
0
0
0
0
0
0
0
102944
205896
205908
205900
205904
205920
205912
205904
205908
205872
102940
0
0
0
0
0
0
0
0
0
0
0
0
0
0
0
0
0
0
0
102928
205908
205896
205896
205932
205940
205936
205920
205872
205884
102936
0
0
0
0
0
0
0
0
0
0
0
0
0
0
0
0
0
0
0
51480
102960
102952
102960
102952
102972
102964
102940
102940
102936
51468
0
0
0
0
0
0
0
0
0
0
0
0
0
0
0
0
0
0
0
0
0
0
0
0
0
0
0
0
0
0
0
0
0
0
0
0
0
0
0
0
0
0
0
0
0
0
0
0
0
0
0
0
0
0
0
0
0
0
0
0
0
0
0
0
0
0
0
0
0
0
0
0
0
0
0
0
0
0
0
0
0
0
0
0
0
0
0
0
0
0
0
0
0
0
0
0
0
0
0
0
0
0
0
0
0
0
0
0
0
0
0
0
0
0
0
0
0
0
0
0
0
0
0
0
0
0
0
0
0
0
0
0
0
0
0
0
0
0
0
0
0
0
0
0
0
0
0
0
0
0
0
0
0
0
0
0
0
0
0
0
0
0
0
0
0
0
0
0
0
0
0
0
0
0
0
0
0
0
0
0
0
0
0
0
0
0
0
0
0
0
0
0
0
0
0
0
0
0
0
0
0
0
0
0
0
0
0
0
0
0
0
0
0
0
0
0
0
0
0
0
0
0
0
0
0
0
0
0
0
0
0
0
0
0
0
0
0
0
0
0
0
0
0
0
0
0
0
0
0
0
0
0
0
0
0
0
0
0
0
0
0
0
0
0
0
0
0
0
0
0
0
0
0
0
0
0
0
0
0
